<?xml version="1.0" encoding="UTF-8"?>
<testng-results skipped="0" failed="0" ignored="0" total="1" passed="1">
  <reporter-output>
  </reporter-output>
  <suite name="Default suite" duration-ms="102" started-at="2019-06-05T14:42:08Z" finished-at="2019-06-05T14:42:08Z">
    <groups>
    </groups>
    <test name="Default test" duration-ms="102" started-at="2019-06-05T14:42:08Z" finished-at="2019-06-05T14:42:08Z">
      <class name="Tests.Test_Login">
        <test-method status="PASS" signature="f()[pri:0, instance:Tests.Test_Login@28d25987]" name="f" duration-ms="27" started-at="2019-06-05T14:42:08Z" finished-at="2019-06-05T14:42:08Z">
          <reporter-output>
          </reporter-output>
        </test-method> <!-- f -->
      </class> <!-- Tests.Test_Login -->
    </test> <!-- Default test -->
  </suite> <!-- Default suite -->
</testng-results>
